-------------------------------------------------------------------------------
Test set: Wikipedia search functionality and verifications
-------------------------------------------------------------------------------
Tests run: 11, Failures: 1, Errors: 0, Skipped: 0, Time elapsed: 731.826 s <<< FAILURE! - in Wikipedia search functionality and verifications
Wikipedia search functionality and verifications.Wikipedia Search Functionality Title Verification #7  Time elapsed: 67.055 s  <<< FAILURE!
java.lang.AssertionError

